0 info it worked if it ends with ok
1 verbose cli [ '/usr/local/bin/node', '/usr/local/bin/npm', 'install' ]
2 info using npm@2.0.0
3 info using node@v0.11.14
4 verbose readDependencies using package.json deps
5 verbose install where, deps [ '/home/oleksii/www/igov.localhost/www/central-js',
5 verbose install   [ 'express',
5 verbose install     'body-parser',
5 verbose install     'morgan',
5 verbose install     'multer',
5 verbose install     'request',
5 verbose install     'lodash',
5 verbose install     'ejs',
5 verbose install     'composable-middleware',
5 verbose install     'log4js',
5 verbose install     'caller-id',
5 verbose install     'http-proxy',
5 verbose install     'node-cache',
5 verbose install     'array-query',
5 verbose install     'form-data',
5 verbose install     'async',
5 verbose install     'node-uuid',
5 verbose install     'method-override',
5 verbose install     'serve-favicon',
5 verbose install     'cookie-parser',
5 verbose install     'cookie-session',
5 verbose install     'passport',
5 verbose install     'passport-oauth2',
5 verbose install     'errorhandler',
5 verbose install     'compression',
5 verbose install     'grunt',
5 verbose install     'grunt-autoprefixer',
5 verbose install     'grunt-wiredep',
5 verbose install     'grunt-concurrent',
5 verbose install     'grunt-contrib-clean',
5 verbose install     'grunt-contrib-concat',
5 verbose install     'grunt-contrib-copy',
5 verbose install     'grunt-contrib-cssmin',
5 verbose install     'grunt-contrib-htmlmin',
5 verbose install     'grunt-contrib-imagemin',
5 verbose install     'grunt-contrib-jshint',
5 verbose install     'grunt-contrib-uglify',
5 verbose install     'grunt-contrib-watch',
5 verbose install     'grunt-google-cdn',
5 verbose install     'grunt-newer',
5 verbose install     'grunt-ng-annotate',
5 verbose install     'grunt-rev',
5 verbose install     'grunt-svgmin',
5 verbose install     'grunt-usemin',
5 verbose install     'grunt-env',
5 verbose install     'grunt-node-inspector',
5 verbose install     'grunt-nodemon',
5 verbose install     'grunt-angular-templates',
5 verbose install     'grunt-dom-munger',
5 verbose install     'grunt-protractor-runner',
5 verbose install     'grunt-asset-injector',
5 verbose install     'grunt-karma',
5 verbose install     'grunt-build-control',
5 verbose install     'grunt-mocha-test',
5 verbose install     'grunt-contrib-sass',
5 verbose install     'jit-grunt',
5 verbose install     'time-grunt',
5 verbose install     'grunt-express-server',
5 verbose install     'grunt-open',
5 verbose install     'open',
5 verbose install     'jshint-stylish',
5 verbose install     'connect-livereload',
5 verbose install     'karma-ng-scenario',
5 verbose install     'karma-firefox-launcher',
5 verbose install     'karma-script-launcher',
5 verbose install     'karma-html2js-preprocessor',
5 verbose install     'karma-ng-jade2js-preprocessor',
5 verbose install     'karma-jasmine',
5 verbose install     'karma-chrome-launcher',
5 verbose install     'requirejs',
5 verbose install     'karma-requirejs',
5 verbose install     'karma-coffee-preprocessor',
5 verbose install     'karma-jade-preprocessor',
5 verbose install     'karma-phantomjs-launcher',
5 verbose install     'karma',
5 verbose install     'karma-ng-html2js-preprocessor',
5 verbose install     'supertest',
5 verbose install     'should',
5 verbose install     'js-yaml',
5 verbose install     'whet.extend',
5 verbose install     'grunt-mout',
5 verbose install     'sax',
5 verbose install     'grunt-node-version',
5 verbose install     'mout',
5 verbose install     'wordwrap',
5 verbose install     'concat-map',
5 verbose install     'balanced-match',
5 verbose install     'core-util-is',
5 verbose install     'inherits',
5 verbose install     'isarray',
5 verbose install     'string_decoder',
5 verbose install     'chalk' ] ]
6 info preinstall igovua@0.1.0
7 warn package.json string_decoder@0.10.31 string_decoder is also the name of a node core module.
8 verbose readDependencies using package.json deps
9 verbose already installed skipping errorhandler@~1.0.0 /home/oleksii/www/igov.localhost/www/central-js
10 verbose already installed skipping compression@~1.0.1 /home/oleksii/www/igov.localhost/www/central-js
11 verbose already installed skipping grunt@~0.4.4 /home/oleksii/www/igov.localhost/www/central-js
12 verbose already installed skipping grunt-autoprefixer@3.0.3 /home/oleksii/www/igov.localhost/www/central-js
13 verbose already installed skipping grunt-wiredep@~1.8.0 /home/oleksii/www/igov.localhost/www/central-js
14 verbose already installed skipping grunt-concurrent@~0.5.0 /home/oleksii/www/igov.localhost/www/central-js
15 verbose already installed skipping grunt-contrib-clean@~0.5.0 /home/oleksii/www/igov.localhost/www/central-js
16 verbose already installed skipping grunt-contrib-concat@0.5.1 /home/oleksii/www/igov.localhost/www/central-js
17 verbose already installed skipping grunt-contrib-copy@~0.5.0 /home/oleksii/www/igov.localhost/www/central-js
18 verbose already installed skipping grunt-contrib-cssmin@~0.9.0 /home/oleksii/www/igov.localhost/www/central-js
19 verbose already installed skipping grunt-contrib-htmlmin@~0.2.0 /home/oleksii/www/igov.localhost/www/central-js
20 verbose already installed skipping grunt-contrib-imagemin@~0.7.1 /home/oleksii/www/igov.localhost/www/central-js
21 verbose already installed skipping grunt-contrib-jshint@~0.10.0 /home/oleksii/www/igov.localhost/www/central-js
22 verbose already installed skipping grunt-contrib-uglify@0.9.1 /home/oleksii/www/igov.localhost/www/central-js
23 verbose already installed skipping grunt-contrib-watch@~0.6.1 /home/oleksii/www/igov.localhost/www/central-js
24 verbose already installed skipping grunt-google-cdn@0.4.2 /home/oleksii/www/igov.localhost/www/central-js
25 verbose already installed skipping grunt-newer@~0.7.0 /home/oleksii/www/igov.localhost/www/central-js
26 verbose already installed skipping grunt-ng-annotate@1.0.1 /home/oleksii/www/igov.localhost/www/central-js
27 verbose already installed skipping grunt-rev@~0.1.0 /home/oleksii/www/igov.localhost/www/central-js
28 verbose already installed skipping grunt-svgmin@~0.4.0 /home/oleksii/www/igov.localhost/www/central-js
29 verbose already installed skipping grunt-usemin@3.0.0 /home/oleksii/www/igov.localhost/www/central-js
30 verbose already installed skipping grunt-env@~0.4.1 /home/oleksii/www/igov.localhost/www/central-js
31 verbose already installed skipping grunt-node-inspector@0.2.0 /home/oleksii/www/igov.localhost/www/central-js
32 verbose already installed skipping grunt-nodemon@~0.2.0 /home/oleksii/www/igov.localhost/www/central-js
33 verbose already installed skipping grunt-angular-templates@^0.5.4 /home/oleksii/www/igov.localhost/www/central-js
34 verbose already installed skipping grunt-dom-munger@^3.4.0 /home/oleksii/www/igov.localhost/www/central-js
35 verbose already installed skipping grunt-protractor-runner@^1.1.0 /home/oleksii/www/igov.localhost/www/central-js
36 verbose already installed skipping grunt-asset-injector@^0.1.0 /home/oleksii/www/igov.localhost/www/central-js
37 verbose already installed skipping grunt-karma@~0.8.2 /home/oleksii/www/igov.localhost/www/central-js
38 verbose cache add [ 'grunt-build-control@git+https://github.com/DaftMonk/grunt-build-control',
38 verbose cache add   null ]
39 verbose cache add spec="grunt-build-control@git+https://github.com/DaftMonk/grunt-build-control" args=["grunt-build-control@git+https://github.com/DaftMonk/grunt-build-control",null]
40 verbose parsed spec { raw: 'grunt-build-control@git+https://github.com/DaftMonk/grunt-build-control',
40 verbose parsed spec   scope: null,
40 verbose parsed spec   name: 'grunt-build-control',
40 verbose parsed spec   rawSpec: 'git+https://github.com/DaftMonk/grunt-build-control',
40 verbose parsed spec   spec: 'https://github.com/DaftMonk/grunt-build-control',
40 verbose parsed spec   type: 'git' }
41 verbose already installed skipping grunt-mocha-test@~0.10.2 /home/oleksii/www/igov.localhost/www/central-js
42 verbose already installed skipping grunt-contrib-sass@^0.7.3 /home/oleksii/www/igov.localhost/www/central-js
43 verbose already installed skipping jit-grunt@^0.5.0 /home/oleksii/www/igov.localhost/www/central-js
44 verbose parsed spec { raw: 'grunt-build-control@git+https://github.com/DaftMonk/grunt-build-control',
44 verbose parsed spec   scope: null,
44 verbose parsed spec   name: 'grunt-build-control',
44 verbose parsed spec   rawSpec: 'git+https://github.com/DaftMonk/grunt-build-control',
44 verbose parsed spec   spec: 'https://github.com/DaftMonk/grunt-build-control',
44 verbose parsed spec   type: 'git' }
45 verbose addRemoteGit u="https://github.com/DaftMonk/grunt-build-control" silent=false
46 silly addRemoteGit parsed { protocol: 'https:',
46 silly addRemoteGit   slashes: true,
46 silly addRemoteGit   auth: null,
46 silly addRemoteGit   host: 'github.com',
46 silly addRemoteGit   port: null,
46 silly addRemoteGit   hostname: 'github.com',
46 silly addRemoteGit   hash: null,
46 silly addRemoteGit   search: '',
46 silly addRemoteGit   query: {},
46 silly addRemoteGit   pathname: '/DaftMonk/grunt-build-control',
46 silly addRemoteGit   path: '/DaftMonk/grunt-build-control',
46 silly addRemoteGit   href: 'https://github.com/DaftMonk/grunt-build-control' }
47 verbose already installed skipping time-grunt@~0.3.1 /home/oleksii/www/igov.localhost/www/central-js
48 silly lockFile 7e4d577b-com-DaftMonk-grunt-build-control https://github.com/DaftMonk/grunt-build-control
49 verbose lock https://github.com/DaftMonk/grunt-build-control /home/oleksii/.npm/7e4d577b-com-DaftMonk-grunt-build-control.lock
50 verbose already installed skipping grunt-express-server@~0.4.17 /home/oleksii/www/igov.localhost/www/central-js
51 verbose addRemoteGit [ 'https://github.com/DaftMonk/grunt-build-control', 'master' ]
52 verbose already installed skipping grunt-open@~0.2.3 /home/oleksii/www/igov.localhost/www/central-js
53 verbose already installed skipping open@~0.0.4 /home/oleksii/www/igov.localhost/www/central-js
54 verbose already installed skipping jshint-stylish@~0.1.5 /home/oleksii/www/igov.localhost/www/central-js
55 verbose already installed skipping connect-livereload@~0.4.0 /home/oleksii/www/igov.localhost/www/central-js
56 verbose already installed skipping karma-ng-scenario@~0.1.0 /home/oleksii/www/igov.localhost/www/central-js
57 verbose already installed skipping karma-firefox-launcher@~0.1.3 /home/oleksii/www/igov.localhost/www/central-js
58 verbose already installed skipping karma-script-launcher@~0.1.0 /home/oleksii/www/igov.localhost/www/central-js
59 verbose already installed skipping karma-html2js-preprocessor@~0.1.0 /home/oleksii/www/igov.localhost/www/central-js
60 verbose already installed skipping karma-ng-jade2js-preprocessor@^0.1.2 /home/oleksii/www/igov.localhost/www/central-js
61 verbose already installed skipping karma-jasmine@~0.2.0 /home/oleksii/www/igov.localhost/www/central-js
62 verbose git remote.origin.url https://github.com/DaftMonk/grunt-build-control
63 verbose already installed skipping karma-chrome-launcher@~0.1.3 /home/oleksii/www/igov.localhost/www/central-js
64 verbose already installed skipping requirejs@~2.1.11 /home/oleksii/www/igov.localhost/www/central-js
65 verbose already installed skipping karma-requirejs@~0.2.1 /home/oleksii/www/igov.localhost/www/central-js
66 verbose already installed skipping karma-coffee-preprocessor@~0.2.1 /home/oleksii/www/igov.localhost/www/central-js
67 verbose already installed skipping karma-jade-preprocessor@0.0.11 /home/oleksii/www/igov.localhost/www/central-js
68 verbose already installed skipping karma-phantomjs-launcher@~0.1.4 /home/oleksii/www/igov.localhost/www/central-js
69 verbose already installed skipping karma@~0.12.9 /home/oleksii/www/igov.localhost/www/central-js
70 verbose already installed skipping karma-ng-html2js-preprocessor@~0.1.0 /home/oleksii/www/igov.localhost/www/central-js
71 verbose already installed skipping supertest@~0.11.0 /home/oleksii/www/igov.localhost/www/central-js
72 verbose already installed skipping should@~3.3.1 /home/oleksii/www/igov.localhost/www/central-js
73 verbose already installed skipping js-yaml@~3.3.1 /home/oleksii/www/igov.localhost/www/central-js
74 verbose already installed skipping whet.extend@~0.9.9 /home/oleksii/www/igov.localhost/www/central-js
75 verbose already installed skipping grunt-mout@~1.0.1 /home/oleksii/www/igov.localhost/www/central-js
76 verbose already installed skipping sax@~1.1.1 /home/oleksii/www/igov.localhost/www/central-js
77 verbose already installed skipping grunt-node-version@1.0.0 /home/oleksii/www/igov.localhost/www/central-js
78 verbose already installed skipping mout@0.11.0 /home/oleksii/www/igov.localhost/www/central-js
79 verbose already installed skipping wordwrap@0.0.3 /home/oleksii/www/igov.localhost/www/central-js
80 verbose already installed skipping concat-map@0.0.1 /home/oleksii/www/igov.localhost/www/central-js
81 error git fetch -a origin (https://github.com/DaftMonk/grunt-build-control) fatal: unable to access 'https://github.com/DaftMonk/grunt-build-control/': Could not resolve host: github.com
82 verbose already installed skipping balanced-match@0.2.0 /home/oleksii/www/igov.localhost/www/central-js
83 verbose already installed skipping core-util-is@1.0.1 /home/oleksii/www/igov.localhost/www/central-js
84 verbose already installed skipping inherits@2.0.1 /home/oleksii/www/igov.localhost/www/central-js
85 verbose already installed skipping isarray@0.0.1 /home/oleksii/www/igov.localhost/www/central-js
86 silly lockFile 7e4d577b-com-DaftMonk-grunt-build-control https://github.com/DaftMonk/grunt-build-control
87 silly lockFile 7e4d577b-com-DaftMonk-grunt-build-control https://github.com/DaftMonk/grunt-build-control
88 verbose already installed skipping string_decoder@0.10.31 /home/oleksii/www/igov.localhost/www/central-js
89 verbose already installed skipping chalk@1.1.0 /home/oleksii/www/igov.localhost/www/central-js
90 verbose already installed skipping express@^4.12.3 /home/oleksii/www/igov.localhost/www/central-js
91 verbose already installed skipping body-parser@^1.12.3 /home/oleksii/www/igov.localhost/www/central-js
92 verbose already installed skipping morgan@~1.0.0 /home/oleksii/www/igov.localhost/www/central-js
93 verbose already installed skipping multer@^0.1.8 /home/oleksii/www/igov.localhost/www/central-js
94 verbose already installed skipping request@^2.55.0 /home/oleksii/www/igov.localhost/www/central-js
95 verbose already installed skipping lodash@3.8.0 /home/oleksii/www/igov.localhost/www/central-js
96 verbose already installed skipping ejs@^2.3.1 /home/oleksii/www/igov.localhost/www/central-js
97 verbose already installed skipping composable-middleware@^0.3.0 /home/oleksii/www/igov.localhost/www/central-js
98 verbose already installed skipping log4js@0.6.22 /home/oleksii/www/igov.localhost/www/central-js
99 verbose already installed skipping caller-id@0.1.0 /home/oleksii/www/igov.localhost/www/central-js
100 verbose already installed skipping http-proxy@1.11.1 /home/oleksii/www/igov.localhost/www/central-js
101 verbose already installed skipping node-cache@~2.1.1 /home/oleksii/www/igov.localhost/www/central-js
102 verbose already installed skipping array-query@^0.1.1 /home/oleksii/www/igov.localhost/www/central-js
103 verbose already installed skipping form-data@0.2.0 /home/oleksii/www/igov.localhost/www/central-js
104 verbose already installed skipping async@1.2.0 /home/oleksii/www/igov.localhost/www/central-js
105 verbose already installed skipping node-uuid@^1.0.0 /home/oleksii/www/igov.localhost/www/central-js
106 verbose already installed skipping method-override@~1.0.0 /home/oleksii/www/igov.localhost/www/central-js
107 verbose already installed skipping serve-favicon@~2.0.1 /home/oleksii/www/igov.localhost/www/central-js
108 verbose already installed skipping cookie-parser@~1.0.1 /home/oleksii/www/igov.localhost/www/central-js
109 verbose already installed skipping cookie-session@1.1.0 /home/oleksii/www/igov.localhost/www/central-js
110 verbose already installed skipping passport@~0.2.0 /home/oleksii/www/igov.localhost/www/central-js
111 verbose already installed skipping passport-oauth2@1.1.2 /home/oleksii/www/igov.localhost/www/central-js
112 verbose stack Error: Command failed: git fetch -a origin
112 verbose stack fatal: unable to access 'https://github.com/DaftMonk/grunt-build-control/': Could not resolve host: github.com
112 verbose stack
112 verbose stack     at ChildProcess.exithandler (child_process.js:732:12)
112 verbose stack     at ChildProcess.emit (events.js:110:17)
112 verbose stack     at maybeClose (child_process.js:1000:16)
112 verbose stack     at Socket.<anonymous> (child_process.js:1168:11)
112 verbose stack     at Socket.emit (events.js:107:17)
112 verbose stack     at Pipe.close (net.js:461:12)
113 verbose cwd /home/oleksii/www/igov.localhost/www/central-js
114 error Linux 3.19.0-21-generic
115 error argv "/usr/local/bin/node" "/usr/local/bin/npm" "install"
116 error node v0.11.14
117 error npm  v2.0.0
118 error code 128
119 error Command failed: git fetch -a origin
119 error fatal: unable to access 'https://github.com/DaftMonk/grunt-build-control/': Could not resolve host: github.com
120 error If you need help, you may report this error at:
120 error     <http://github.com/npm/npm/issues>
121 verbose exit [ 1, true ]
